<?xml version="1.0" encoding="UTF-8" ?>
<testsuite failures="0" time="0.001" errors="0" skipped="0" tests="6" name="net.krilivye.jocco.FileModelTest">
  <properties>
[...]
</properties>
  <testcase time="0" classname="net.krilivye.jocco.FileModelTest" name="testSetName"/>
  <testcase time="0" classname="net.krilivye.jocco.FileModelTest" name="testSetExtension"/>
  <testcase time="0" classname="net.krilivye.jocco.FileModelTest" name="testSetSections"/>
  <testcase time="0" classname="net.krilivye.jocco.FileModelTest" name="testGetName"/>
  <testcase time="0" classname="net.krilivye.jocco.FileModelTest" name="testGetExtension"/>
  <testcase time="0" classname="net.krilivye.jocco.FileModelTest" name="testGetSections"/>
</testsuite>